info: ::1 - - [31/Jan/2024:05:14:01 +0000] "POST /api/v1/user/registration HTTP/1.1" 201 50 "-" "PostmanRuntime/7.36.1"

info: ::1 - - [31/Jan/2024:05:14:11 +0000] "POST /api/v1/user/login HTTP/1.1" 200 244 "-" "PostmanRuntime/7.36.1"

info: ::1 - - [31/Jan/2024:05:15:02 +0000] "GET /api/v1/user/profile HTTP/1.1" 404 47 "-" "PostmanRuntime/7.36.1"

info: ::1 - - [31/Jan/2024:05:15:10 +0000] "POST /api/v1/user/login HTTP/1.1" 200 244 "-" "PostmanRuntime/7.36.1"

info: ::1 - - [31/Jan/2024:05:16:04 +0000] "POST /api/v1/user/login HTTP/1.1" 401 44 "-" "PostmanRuntime/7.36.1"

info: ::1 - - [31/Jan/2024:05:16:38 +0000] "POST /api/v1/user/login HTTP/1.1" 200 244 "-" "PostmanRuntime/7.36.1"

info: ::1 - - [31/Jan/2024:05:17:15 +0000] "POST /api/v1/user/login HTTP/1.1" 401 44 "-" "PostmanRuntime/7.36.1"

info: ::1 - - [31/Jan/2024:05:17:35 +0000] "POST /api/v1/user/login HTTP/1.1" 401 44 "-" "PostmanRuntime/7.36.1"

info: ::1 - - [31/Jan/2024:05:17:48 +0000] "POST /api/v1/user/login HTTP/1.1" 200 511 "-" "PostmanRuntime/7.36.1"

info: ::1 - - [31/Jan/2024:05:18:09 +0000] "POST /api/v1/user/login HTTP/1.1" 200 511 "-" "PostmanRuntime/7.36.1"

info: ::1 - - [31/Jan/2024:05:18:46 +0000] "GET /api/v1/user/profile/65b9d719fc09ad3758ba37cc HTTP/1.1" 500 46 "-" "PostmanRuntime/7.36.1"

info: ::1 - - [31/Jan/2024:05:24:04 +0000] "GET /api/v1/user/profile/65b9d719fc09ad3758ba37cc HTTP/1.1" 500 52 "-" "PostmanRuntime/7.36.1"

info: ::1 - - [31/Jan/2024:05:24:20 +0000] "GET /api/v1/profile/65b9d719fc09ad3758ba37cc HTTP/1.1" 404 47 "-" "PostmanRuntime/7.36.1"

info: ::1 - - [31/Jan/2024:05:24:25 +0000] "GET /api/v1/user/profile/65b9d719fc09ad3758ba37cc HTTP/1.1" 500 52 "-" "PostmanRuntime/7.36.1"

info: ::1 - - [31/Jan/2024:05:24:40 +0000] "GET /api/v1/user/profile/65b9d719fc09ad3758ba37cc HTTP/1.1" 500 52 "-" "PostmanRuntime/7.36.1"

info: ::1 - - [31/Jan/2024:05:25:00 +0000] "GET /api/v1/user/profile/65b9d719fc09ad3758ba37cc HTTP/1.1" 500 52 "-" "PostmanRuntime/7.36.1"

info: ::1 - - [31/Jan/2024:05:25:25 +0000] "GET /api/v1/user/profile/65b9d719fc09ad3758ba37c HTTP/1.1" 500 52 "-" "PostmanRuntime/7.36.1"

info: ::1 - - [31/Jan/2024:05:26:12 +0000] "GET /api/v1/user/profile/65b9d719fc09ad3758ba37cc HTTP/1.1" 200 317 "-" "PostmanRuntime/7.36.1"

info: ::1 - - [31/Jan/2024:05:26:40 +0000] "GET /api/v1/user/profile/65b9d719fc09ad3758ba37cc HTTP/1.1" 500 52 "-" "PostmanRuntime/7.36.1"

info: ::1 - - [31/Jan/2024:05:27:13 +0000] "GET /api/v1/user/profile/65b9d719fc09ad3758ba37cc HTTP/1.1" 500 52 "-" "PostmanRuntime/7.36.1"

info: ::1 - - [31/Jan/2024:05:27:16 +0000] "GET /api/v1/user/profile/65b9d719fc09ad3758ba37cc HTTP/1.1" 500 52 "-" "PostmanRuntime/7.36.1"

info: ::1 - - [31/Jan/2024:05:28:35 +0000] "GET /api/v1/user/profile/65b9d719fc09ad3758ba37cc HTTP/1.1" 200 317 "-" "PostmanRuntime/7.36.1"

info: ::1 - - [31/Jan/2024:05:28:43 +0000] "GET /api/v1/user/profile/65b9d719fc09ad3758ba37cc HTTP/1.1" 200 317 "-" "PostmanRuntime/7.36.1"

info: ::1 - - [31/Jan/2024:05:28:50 +0000] "GET /api/v1/user/profile/65b9d719fc09ad3758ba HTTP/1.1" 500 142 "-" "PostmanRuntime/7.36.1"

info: ::1 - - [31/Jan/2024:05:28:57 +0000] "GET /api/v1/user/profile/65b9d719fc09ad3758ba37cc HTTP/1.1" 200 317 "-" "PostmanRuntime/7.36.1"

info: ::1 - - [31/Jan/2024:05:50:33 +0000] "GET /api/v1/ HTTP/1.1" 200 9 "-" "Mozilla/5.0 (Windows NT 10.0; Win64; x64) AppleWebKit/537.36 (KHTML, like Gecko) Chrome/120.0.0.0 Safari/537.36"

info: ::1 - - [31/Jan/2024:05:50:33 +0000] "GET /favicon.ico HTTP/1.1" 404 47 "-" "Mozilla/5.0 (Windows NT 10.0; Win64; x64) AppleWebKit/537.36 (KHTML, like Gecko) Chrome/120.0.0.0 Safari/537.36"

info: ::1 - - [31/Jan/2024:05:51:51 +0000] "PUT /api/v1/user/65b9d719fc09ad3758ba37cc HTTP/1.1" 404 47 "-" "PostmanRuntime/7.36.1"

info: ::1 - - [31/Jan/2024:05:52:12 +0000] "PUT /api/v1/user/user/65b9d719fc09ad3758ba37cc HTTP/1.1" 202 266 "-" "PostmanRuntime/7.36.1"

info: ::1 - - [31/Jan/2024:05:52:36 +0000] "PUT /api/v1/user/user/65b9d719fc09ad3758ba37cc HTTP/1.1" 404 47 "-" "PostmanRuntime/7.36.1"

info: ::1 - - [31/Jan/2024:05:53:33 +0000] "PUT /api/v1/user/65b9d719fc09ad3758ba37cc HTTP/1.1" 202 266 "-" "PostmanRuntime/7.36.1"

info: ::1 - - [31/Jan/2024:05:53:41 +0000] "DELETE /api/v1/user/65b9d719fc09ad3758ba37cc HTTP/1.1" 200 60 "-" "PostmanRuntime/7.36.1"

info: ::1 - - [31/Jan/2024:05:53:43 +0000] "DELETE /api/v1/user/65b9d719fc09ad3758ba37cc HTTP/1.1" 200 60 "-" "PostmanRuntime/7.36.1"

info: ::1 - - [31/Jan/2024:05:53:59 +0000] "GET /api/v1/user/profile/65b9d719fc09ad3758ba37cc HTTP/1.1" 200 62 "-" "PostmanRuntime/7.36.1"

info: ::1 - - [31/Jan/2024:05:55:00 +0000] "POST /api/v1/user/login/65b9d719fc09ad3758ba37cc HTTP/1.1" 404 47 "-" "PostmanRuntime/7.36.1"

info: ::1 - - [31/Jan/2024:05:55:57 +0000] "POST /api/v1/user/login HTTP/1.1" 401 38 "-" "PostmanRuntime/7.36.1"

info: ::1 - - [31/Jan/2024:06:20:18 +0000] "POST /api/v1/note HTTP/1.1" 201 218 "-" "PostmanRuntime/7.36.1"

info: ::1 - - [31/Jan/2024:06:20:32 +0000] "GET /api/v1/note HTTP/1.1" 500 72 "-" "PostmanRuntime/7.36.1"

info: ::1 - - [31/Jan/2024:06:22:19 +0000] "GET /api/v1/note HTTP/1.1" 500 88 "-" "PostmanRuntime/7.36.1"

info: ::1 - - [31/Jan/2024:06:23:17 +0000] "POST /api/v1/note HTTP/1.1" 201 224 "-" "PostmanRuntime/7.36.1"

info: ::1 - - [31/Jan/2024:06:23:29 +0000] "GET /api/v1/note HTTP/1.1" 500 88 "-" "PostmanRuntime/7.36.1"

info: ::1 - - [31/Jan/2024:06:24:53 +0000] "GET /api/v1/note HTTP/1.1" 500 88 "-" "PostmanRuntime/7.36.1"

info: ::1 - - [31/Jan/2024:06:29:13 +0000] "GET /api/v1/note HTTP/1.1" 500 54 "-" "PostmanRuntime/7.36.1"

info: ::1 - - [31/Jan/2024:06:29:29 +0000] "GET /api/v1/note HTTP/1.1" 500 88 "-" "PostmanRuntime/7.36.1"

info: ::1 - - [31/Jan/2024:06:30:43 +0000] "GET /api/v1/note HTTP/1.1" 200 224 "-" "PostmanRuntime/7.36.1"

info: ::1 - - [31/Jan/2024:06:31:19 +0000] "PUT /api/v1/note/65b9e7554c6cff4a782504d0 HTTP/1.1" 200 223 "-" "PostmanRuntime/7.36.1"

info: ::1 - - [31/Jan/2024:06:31:25 +0000] "DELETE /api/v1/note/65b9e7554c6cff4a782504d0 HTTP/1.1" 200 60 "-" "PostmanRuntime/7.36.1"

info: ::1 - - [31/Jan/2024:06:32:10 +0000] "POST /api/v1/note HTTP/1.1" 201 242 "-" "PostmanRuntime/7.36.1"

info: ::1 - - [31/Jan/2024:06:32:27 +0000] "GET /api/v1/note HTTP/1.1" 200 242 "-" "PostmanRuntime/7.36.1"

info: ::1 - - [31/Jan/2024:06:32:48 +0000] "PUT /api/v1/note/65b9e96a6fa369219040db31 HTTP/1.1" 200 253 "-" "PostmanRuntime/7.36.1"

info: ::1 - - [31/Jan/2024:06:33:05 +0000] "DELETE /api/v1/note/65b9e96a6fa369219040db31 HTTP/1.1" 200 60 "-" "PostmanRuntime/7.36.1"

info: ::1 - - [31/Jan/2024:06:51:53 +0000] "GET /api/v1/note HTTP/1.1" 500 61 "-" "PostmanRuntime/7.36.1"

info: ::1 - - [31/Jan/2024:06:54:23 +0000] "GET /api/v1/note HTTP/1.1" 500 61 "-" "PostmanRuntime/7.36.1"

info: ::1 - - [31/Jan/2024:06:55:12 +0000] "GET /api/v1/note HTTP/1.1" 500 61 "-" "PostmanRuntime/7.36.1"

info: ::1 - - [31/Jan/2024:06:56:56 +0000] "GET /api/v1/note HTTP/1.1" 500 61 "-" "PostmanRuntime/7.36.1"

info: ::1 - - [31/Jan/2024:06:57:27 +0000] "GET /api/v1/note HTTP/1.1" 200 5701 "-" "PostmanRuntime/7.36.1"

info: ::1 - - [31/Jan/2024:06:57:41 +0000] "GET /api/v1/note/65b79cd7c27b73307ce4899d HTTP/1.1" 404 47 "-" "PostmanRuntime/7.36.1"

info: ::1 - - [31/Jan/2024:06:58:37 +0000] "GET /api/v1/note/65b79cd7c27b73307ce4899d HTTP/1.1" 200 62 "-" "PostmanRuntime/7.36.1"

info: ::1 - - [31/Jan/2024:07:00:41 +0000] "GET /api/v1/note/65b79cd7c27b73307ce4899d HTTP/1.1" 200 260 "-" "PostmanRuntime/7.36.1"

info: ::1 - - [31/Jan/2024:07:00:49 +0000] "GET /api/v1/note/ HTTP/1.1" 200 5701 "-" "PostmanRuntime/7.36.1"

info: ::1 - - [31/Jan/2024:07:00:59 +0000] "GET /api/v1/note/65b881d30417622978c3a375 HTTP/1.1" 200 260 "-" "PostmanRuntime/7.36.1"

info: ::1 - - [31/Jan/2024:07:01:33 +0000] "GET /api/v1/note/ HTTP/1.1" 200 5701 "-" "PostmanRuntime/7.36.1"

