info: Server started at http://localhost:3000/api/v1/ {"timestamp":"2024-01-27T08:34:56.203Z"}
info: Connected to the database. {"timestamp":"2024-01-27T08:34:56.233Z"}
info: Server started at http://localhost:3000/api/v1/ {"timestamp":"2024-01-27T09:25:29.462Z"}
info: Connected to the database. {"timestamp":"2024-01-27T09:25:29.506Z"}
info: Server started at http://localhost:3000/api/v1/ {"timestamp":"2024-01-27T09:25:54.656Z"}
info: Connected to the database. {"timestamp":"2024-01-27T09:25:54.673Z"}
info: Server started at http://localhost:3000/api/v1/ {"timestamp":"2024-01-27T09:26:21.361Z"}
info: Connected to the database. {"timestamp":"2024-01-27T09:26:21.381Z"}
info: Server started at http://localhost:3000/api/v1/ {"timestamp":"2024-01-27T09:26:26.114Z"}
info: Connected to the database. {"timestamp":"2024-01-27T09:26:26.130Z"}
info: Server started at http://localhost:3000/api/v1/ {"timestamp":"2024-01-27T09:26:35.822Z"}
info: Connected to the database. {"timestamp":"2024-01-27T09:26:35.843Z"}
info: Server started at http://localhost:3000/api/v1/ {"timestamp":"2024-01-27T09:26:39.315Z"}
info: Connected to the database. {"timestamp":"2024-01-27T09:26:39.331Z"}
info: Server started at http://localhost:3000/api/v1/ {"timestamp":"2024-01-27T09:27:57.392Z"}
info: Connected to the database. {"timestamp":"2024-01-27T09:27:57.419Z"}
info: Server started at http://localhost:3000/api/v1/ {"timestamp":"2024-01-27T09:28:02.620Z"}
info: Connected to the database. {"timestamp":"2024-01-27T09:28:02.639Z"}
info: Server started at http://localhost:3000/api/v1/ {"timestamp":"2024-01-27T09:28:05.465Z"}
info: Connected to the database. {"timestamp":"2024-01-27T09:28:05.486Z"}
info: Server started at http://localhost:3000/api/v1/ {"timestamp":"2024-01-27T09:28:09.119Z"}
info: Connected to the database. {"timestamp":"2024-01-27T09:28:09.143Z"}
info: Server started at http://localhost:3000/api/v1/ {"timestamp":"2024-01-27T09:28:12.383Z"}
info: Connected to the database. {"timestamp":"2024-01-27T09:28:12.408Z"}
info: Server started at http://localhost:3000/api/v1/ {"timestamp":"2024-01-27T09:28:14.552Z"}
info: Connected to the database. {"timestamp":"2024-01-27T09:28:14.571Z"}
info: Server started at http://localhost:3000/api/v1/ {"timestamp":"2024-01-27T09:28:30.362Z"}
info: Connected to the database. {"timestamp":"2024-01-27T09:28:30.383Z"}
info: Server started at http://localhost:3000/api/v1/ {"timestamp":"2024-01-27T09:28:39.660Z"}
info: Connected to the database. {"timestamp":"2024-01-27T09:28:39.678Z"}
info: Server started at http://localhost:3000/api/v1/ {"timestamp":"2024-01-27T09:28:52.409Z"}
info: Connected to the database. {"timestamp":"2024-01-27T09:28:52.446Z"}
info: Server started at http://localhost:3000/api/v1/ {"timestamp":"2024-01-27T09:29:02.258Z"}
info: Connected to the database. {"timestamp":"2024-01-27T09:29:02.286Z"}
info: Server started at http://localhost:3000/api/v1/ {"timestamp":"2024-01-27T09:29:07.450Z"}
info: Connected to the database. {"timestamp":"2024-01-27T09:29:07.477Z"}
info: Server started at http://localhost:3000/api/v1/ {"timestamp":"2024-01-27T09:29:17.568Z"}
info: Connected to the database. {"timestamp":"2024-01-27T09:29:17.597Z"}
info: Server started at http://localhost:3000/api/v1/ {"timestamp":"2024-01-27T09:29:23.770Z"}
info: Connected to the database. {"timestamp":"2024-01-27T09:29:23.826Z"}
error: 
    status - 500 
    message - ValidationError: "first_name" is required 
    url - /api/v1/newuser1 
    method - POST 
    IP - ::1
   {"timestamp":"2024-01-27T09:29:44.391Z"}
error: 
    status - 500 
    message - ReferenceError: email is not defined
    at _callee5$ (D:\project1_googleapi\src\services\/user.service.js:37:47)
    at tryCatch (D:\project1_googleapi\node_modules\@babel\runtime\helpers\regeneratorRuntime.js:45:16)
    at Generator.<anonymous> (D:\project1_googleapi\node_modules\@babel\runtime\helpers\regeneratorRuntime.js:133:17)
    at Generator.next (D:\project1_googleapi\node_modules\@babel\runtime\helpers\regeneratorRuntime.js:74:21)
    at asyncGeneratorStep (D:\project1_googleapi\node_modules\@babel\runtime\helpers\asyncToGenerator.js:3:24)
    at _next (D:\project1_googleapi\node_modules\@babel\runtime\helpers\asyncToGenerator.js:22:9)
    at D:\project1_googleapi\node_modules\@babel\runtime\helpers\asyncToGenerator.js:27:7
    at new Promise (<anonymous>)
    at Object.apply (D:\project1_googleapi\node_modules\@babel\runtime\helpers\asyncToGenerator.js:19:12)
    at Object.getUser (D:\project1_googleapi\src\services\/user.service.js:36:21)
    at _callee2$ (D:\project1_googleapi\src\controllers\/user.controller.js:31:36)
    at tryCatch (D:\project1_googleapi\node_modules\@babel\runtime\helpers\regeneratorRuntime.js:45:16)
    at Generator.<anonymous> (D:\project1_googleapi\node_modules\@babel\runtime\helpers\regeneratorRuntime.js:133:17)
    at Generator.next (D:\project1_googleapi\node_modules\@babel\runtime\helpers\regeneratorRuntime.js:74:21)
    at asyncGeneratorStep (D:\project1_googleapi\node_modules\@babel\runtime\helpers\asyncToGenerator.js:3:24)
    at _next (D:\project1_googleapi\node_modules\@babel\runtime\helpers\asyncToGenerator.js:22:9)
    at D:\project1_googleapi\node_modules\@babel\runtime\helpers\asyncToGenerator.js:27:7
    at new Promise (<anonymous>)
    at apply (D:\project1_googleapi\node_modules\@babel\runtime\helpers\asyncToGenerator.js:19:12)
    at getUser (D:\project1_googleapi\src\controllers\/user.controller.js:29:21)
    at Layer.handle [as handle_request] (D:\project1_googleapi\node_modules\express\lib\router\layer.js:95:5)
    at next (D:\project1_googleapi\node_modules\express\lib\router\route.js:144:13)
    at Route.dispatch (D:\project1_googleapi\node_modules\express\lib\router\route.js:114:3)
    at Layer.handle [as handle_request] (D:\project1_googleapi\node_modules\express\lib\router\layer.js:95:5)
    at D:\project1_googleapi\node_modules\express\lib\router\index.js:284:15
    at param (D:\project1_googleapi\node_modules\express\lib\router\index.js:365:14)
    at param (D:\project1_googleapi\node_modules\express\lib\router\index.js:376:14)
    at Function.process_params (D:\project1_googleapi\node_modules\express\lib\router\index.js:421:3)
    at next (D:\project1_googleapi\node_modules\express\lib\router\index.js:280:10)
    at Function.handle (D:\project1_googleapi\node_modules\express\lib\router\index.js:175:3)
    at router (D:\project1_googleapi\node_modules\express\lib\router\index.js:47:12)
    at Layer.handle [as handle_request] (D:\project1_googleapi\node_modules\express\lib\router\layer.js:95:5)
    at trim_prefix (D:\project1_googleapi\node_modules\express\lib\router\index.js:328:13)
    at D:\project1_googleapi\node_modules\express\lib\router\index.js:286:9
    at Function.process_params (D:\project1_googleapi\node_modules\express\lib\router\index.js:346:12)
    at next (D:\project1_googleapi\node_modules\express\lib\router\index.js:280:10)
    at Function.handle (D:\project1_googleapi\node_modules\express\lib\router\index.js:175:3)
    at router (D:\project1_googleapi\node_modules\express\lib\router\index.js:47:12)
    at Layer.handle [as handle_request] (D:\project1_googleapi\node_modules\express\lib\router\layer.js:95:5)
    at trim_prefix (D:\project1_googleapi\node_modules\express\lib\router\index.js:328:13)
    at D:\project1_googleapi\node_modules\express\lib\router\index.js:286:9
    at Function.process_params (D:\project1_googleapi\node_modules\express\lib\router\index.js:346:12)
    at next (D:\project1_googleapi\node_modules\express\lib\router\index.js:280:10)
    at logger (D:\project1_googleapi\node_modules\morgan\index.js:144:5)
    at Layer.handle [as handle_request] (D:\project1_googleapi\node_modules\express\lib\router\layer.js:95:5)
    at trim_prefix (D:\project1_googleapi\node_modules\express\lib\router\index.js:328:13)
    at D:\project1_googleapi\node_modules\express\lib\router\index.js:286:9
    at Function.process_params (D:\project1_googleapi\node_modules\express\lib\router\index.js:346:12)
    at next (D:\project1_googleapi\node_modules\express\lib\router\index.js:280:10)
    at jsonParser (D:\project1_googleapi\node_modules\body-parser\lib\types\json.js:110:7)
    at Layer.handle [as handle_request] (D:\project1_googleapi\node_modules\express\lib\router\layer.js:95:5)
    at trim_prefix (D:\project1_googleapi\node_modules\express\lib\router\index.js:328:13)
    at D:\project1_googleapi\node_modules\express\lib\router\index.js:286:9
    at Function.process_params (D:\project1_googleapi\node_modules\express\lib\router\index.js:346:12)
    at next (D:\project1_googleapi\node_modules\express\lib\router\index.js:280:10)
    at urlencodedParser (D:\project1_googleapi\node_modules\body-parser\lib\types\urlencoded.js:91:7) 
    url - /api/v1/newuser1/65b4cd0d1c94330f8c97cec6 
    method - GET 
    IP - ::1
   {"timestamp":"2024-01-27T09:30:01.496Z"}
error: 
    status - 500 
    message - ReferenceError: email is not defined
    at _callee5$ (D:\project1_googleapi\src\services\/user.service.js:37:47)
    at tryCatch (D:\project1_googleapi\node_modules\@babel\runtime\helpers\regeneratorRuntime.js:45:16)
    at Generator.<anonymous> (D:\project1_googleapi\node_modules\@babel\runtime\helpers\regeneratorRuntime.js:133:17)
    at Generator.next (D:\project1_googleapi\node_modules\@babel\runtime\helpers\regeneratorRuntime.js:74:21)
    at asyncGeneratorStep (D:\project1_googleapi\node_modules\@babel\runtime\helpers\asyncToGenerator.js:3:24)
    at _next (D:\project1_googleapi\node_modules\@babel\runtime\helpers\asyncToGenerator.js:22:9)
    at D:\project1_googleapi\node_modules\@babel\runtime\helpers\asyncToGenerator.js:27:7
    at new Promise (<anonymous>)
    at Object.apply (D:\project1_googleapi\node_modules\@babel\runtime\helpers\asyncToGenerator.js:19:12)
    at Object.getUser (D:\project1_googleapi\src\services\/user.service.js:36:21)
    at _callee2$ (D:\project1_googleapi\src\controllers\/user.controller.js:31:36)
    at tryCatch (D:\project1_googleapi\node_modules\@babel\runtime\helpers\regeneratorRuntime.js:45:16)
    at Generator.<anonymous> (D:\project1_googleapi\node_modules\@babel\runtime\helpers\regeneratorRuntime.js:133:17)
    at Generator.next (D:\project1_googleapi\node_modules\@babel\runtime\helpers\regeneratorRuntime.js:74:21)
    at asyncGeneratorStep (D:\project1_googleapi\node_modules\@babel\runtime\helpers\asyncToGenerator.js:3:24)
    at _next (D:\project1_googleapi\node_modules\@babel\runtime\helpers\asyncToGenerator.js:22:9)
    at D:\project1_googleapi\node_modules\@babel\runtime\helpers\asyncToGenerator.js:27:7
    at new Promise (<anonymous>)
    at apply (D:\project1_googleapi\node_modules\@babel\runtime\helpers\asyncToGenerator.js:19:12)
    at getUser (D:\project1_googleapi\src\controllers\/user.controller.js:29:21)
    at Layer.handle [as handle_request] (D:\project1_googleapi\node_modules\express\lib\router\layer.js:95:5)
    at next (D:\project1_googleapi\node_modules\express\lib\router\route.js:144:13)
    at Route.dispatch (D:\project1_googleapi\node_modules\express\lib\router\route.js:114:3)
    at Layer.handle [as handle_request] (D:\project1_googleapi\node_modules\express\lib\router\layer.js:95:5)
    at D:\project1_googleapi\node_modules\express\lib\router\index.js:284:15
    at param (D:\project1_googleapi\node_modules\express\lib\router\index.js:365:14)
    at param (D:\project1_googleapi\node_modules\express\lib\router\index.js:376:14)
    at Function.process_params (D:\project1_googleapi\node_modules\express\lib\router\index.js:421:3)
    at next (D:\project1_googleapi\node_modules\express\lib\router\index.js:280:10)
    at Function.handle (D:\project1_googleapi\node_modules\express\lib\router\index.js:175:3)
    at router (D:\project1_googleapi\node_modules\express\lib\router\index.js:47:12)
    at Layer.handle [as handle_request] (D:\project1_googleapi\node_modules\express\lib\router\layer.js:95:5)
    at trim_prefix (D:\project1_googleapi\node_modules\express\lib\router\index.js:328:13)
    at D:\project1_googleapi\node_modules\express\lib\router\index.js:286:9
    at Function.process_params (D:\project1_googleapi\node_modules\express\lib\router\index.js:346:12)
    at next (D:\project1_googleapi\node_modules\express\lib\router\index.js:280:10)
    at Function.handle (D:\project1_googleapi\node_modules\express\lib\router\index.js:175:3)
    at router (D:\project1_googleapi\node_modules\express\lib\router\index.js:47:12)
    at Layer.handle [as handle_request] (D:\project1_googleapi\node_modules\express\lib\router\layer.js:95:5)
    at trim_prefix (D:\project1_googleapi\node_modules\express\lib\router\index.js:328:13)
    at D:\project1_googleapi\node_modules\express\lib\router\index.js:286:9
    at Function.process_params (D:\project1_googleapi\node_modules\express\lib\router\index.js:346:12)
    at next (D:\project1_googleapi\node_modules\express\lib\router\index.js:280:10)
    at logger (D:\project1_googleapi\node_modules\morgan\index.js:144:5)
    at Layer.handle [as handle_request] (D:\project1_googleapi\node_modules\express\lib\router\layer.js:95:5)
    at trim_prefix (D:\project1_googleapi\node_modules\express\lib\router\index.js:328:13)
    at D:\project1_googleapi\node_modules\express\lib\router\index.js:286:9
    at Function.process_params (D:\project1_googleapi\node_modules\express\lib\router\index.js:346:12)
    at next (D:\project1_googleapi\node_modules\express\lib\router\index.js:280:10)
    at D:\project1_googleapi\node_modules\body-parser\lib\read.js:137:5
    at AsyncResource.runInAsyncScope (node:async_hooks:206:9)
    at invokeCallback (D:\project1_googleapi\node_modules\raw-body\index.js:231:16)
    at done (D:\project1_googleapi\node_modules\raw-body\index.js:220:7)
    at IncomingMessage.onEnd (D:\project1_googleapi\node_modules\raw-body\index.js:280:7)
    at IncomingMessage.emit (node:events:518:28)
    at IncomingMessage.emit (node:domain:488:12) 
    url - /api/v1/newuser1/65b4cd0d1c94330f8c97cec6 
    method - GET 
    IP - ::1
   {"timestamp":"2024-01-27T09:31:49.815Z"}
info: Server started at http://localhost:3000/api/v1/ {"timestamp":"2024-01-27T09:32:18.428Z"}
info: Connected to the database. {"timestamp":"2024-01-27T09:32:18.450Z"}
info: Server started at http://localhost:3000/api/v1/ {"timestamp":"2024-01-27T09:32:53.715Z"}
info: Connected to the database. {"timestamp":"2024-01-27T09:32:53.747Z"}
info: Server started at http://localhost:3000/api/v1/ {"timestamp":"2024-01-27T09:32:56.411Z"}
info: Connected to the database. {"timestamp":"2024-01-27T09:32:56.428Z"}
info: Server started at http://localhost:3000/api/v1/ {"timestamp":"2024-01-27T09:46:43.402Z"}
info: Connected to the database. {"timestamp":"2024-01-27T09:46:43.423Z"}
info: Server started at http://localhost:3000/api/v1/ {"timestamp":"2024-01-27T09:47:56.840Z"}
info: Connected to the database. {"timestamp":"2024-01-27T09:47:56.860Z"}
