info: ::1 - - [25/Jan/2024:12:52:31 +0000] "POST /api/v1/ HTTP/1.1" 404 47 "-" "PostmanRuntime/7.36.1"

info: ::1 - - [25/Jan/2024:12:52:40 +0000] "POST /api/v1/ HTTP/1.1" 404 47 "-" "PostmanRuntime/7.36.1"

info: ::1 - - [25/Jan/2024:12:53:02 +0000] "POST /api/v1/ HTTP/1.1" 404 47 "-" "PostmanRuntime/7.36.1"

info: ::1 - - [25/Jan/2024:12:53:18 +0000] "GET /api/v1/ HTTP/1.1" 200 9 "-" "PostmanRuntime/7.36.1"

info: ::1 - - [25/Jan/2024:12:53:25 +0000] "POST /api/v1/ HTTP/1.1" 404 47 "-" "PostmanRuntime/7.36.1"

info: ::1 - - [25/Jan/2024:12:53:30 +0000] "POST /api/v1/ HTTP/1.1" 404 47 "-" "PostmanRuntime/7.36.1"

info: ::1 - - [25/Jan/2024:13:00:08 +0000] "POST /api/v1/users HTTP/1.1" 500 61 "-" "PostmanRuntime/7.36.1"

info: ::1 - - [25/Jan/2024:13:00:15 +0000] "POST /api/v1/users HTTP/1.1" 500 58 "-" "PostmanRuntime/7.36.1"

info: ::1 - - [25/Jan/2024:13:01:12 +0000] "POST /api/v1/users HTTP/1.1" 500 98 "-" "PostmanRuntime/7.36.1"

info: ::1 - - [25/Jan/2024:13:04:32 +0000] "POST /api/v1/users HTTP/1.1" 500 98 "-" "PostmanRuntime/7.36.1"

info: ::1 - - [25/Jan/2024:13:07:37 +0000] "POST /api/v1/users HTTP/1.1" 500 98 "-" "PostmanRuntime/7.36.1"

info: ::1 - - [25/Jan/2024:13:12:36 +0000] "POST /api/v1/users HTTP/1.1" 500 98 "-" "PostmanRuntime/7.36.1"

info: ::1 - - [25/Jan/2024:13:13:33 +0000] "POST /api/v1/users HTTP/1.1" 500 98 "-" "PostmanRuntime/7.36.1"

info: ::1 - - [25/Jan/2024:13:13:49 +0000] "POST /api/v1 HTTP/1.1" 404 47 "-" "PostmanRuntime/7.36.1"

info: ::1 - - [25/Jan/2024:13:13:56 +0000] "POST /api/v1/ HTTP/1.1" 404 47 "-" "PostmanRuntime/7.36.1"

info: ::1 - - [25/Jan/2024:13:14:17 +0000] "POST /api/v1/users HTTP/1.1" 404 47 "-" "PostmanRuntime/7.36.1"

info: ::1 - - [25/Jan/2024:13:15:26 +0000] "POST /api/v1/users HTTP/1.1" 404 47 "-" "PostmanRuntime/7.36.1"

info: ::1 - - [25/Jan/2024:13:15:50 +0000] "POST /api/v1/users HTTP/1.1" 500 98 "-" "PostmanRuntime/7.36.1"

info: ::1 - - [25/Jan/2024:13:15:54 +0000] "POST /api/v1/ HTTP/1.1" 404 47 "-" "PostmanRuntime/7.36.1"

info: ::1 - - [25/Jan/2024:13:16:20 +0000] "POST /api/v1/ HTTP/1.1" 404 47 "-" "PostmanRuntime/7.36.1"

info: ::1 - - [25/Jan/2024:13:17:05 +0000] "POST /api/v1/ HTTP/1.1" 404 47 "-" "PostmanRuntime/7.36.1"

info: ::1 - - [25/Jan/2024:13:17:20 +0000] "POST /api/v1/users HTTP/1.1" 500 98 "-" "PostmanRuntime/7.36.1"

info: ::1 - - [25/Jan/2024:13:18:02 +0000] "POST /api/v1/users HTTP/1.1" 500 98 "-" "PostmanRuntime/7.36.1"

info: ::1 - - [25/Jan/2024:13:18:04 +0000] "POST /api/v1 HTTP/1.1" 404 47 "-" "PostmanRuntime/7.36.1"

info: ::1 - - [25/Jan/2024:13:18:59 +0000] "POST /api/v1 HTTP/1.1" 404 47 "-" "PostmanRuntime/7.36.1"

info: ::1 - - [25/Jan/2024:13:19:15 +0000] "POST /api/v1/users HTTP/1.1" 500 98 "-" "PostmanRuntime/7.36.1"

info: ::1 - - [25/Jan/2024:13:20:00 +0000] "POST /api/v1/users HTTP/1.1" 404 47 "-" "PostmanRuntime/7.36.1"

info: ::1 - - [25/Jan/2024:13:20:24 +0000] "POST /api/v1/newuser1 HTTP/1.1" 500 98 "-" "PostmanRuntime/7.36.1"

info: ::1 - - [25/Jan/2024:13:21:16 +0000] "POST /api/v1/newuser1 HTTP/1.1" 500 98 "-" "PostmanRuntime/7.36.1"

info: ::1 - - [25/Jan/2024:13:25:21 +0000] "POST /api/v1/newuser1 HTTP/1.1" 201 264 "-" "PostmanRuntime/7.36.1"

info: ::1 - - [25/Jan/2024:13:25:40 +0000] "GET /api/v1/65b261411d29ce43a0ac8077 HTTP/1.1" 404 47 "-" "PostmanRuntime/7.36.1"

info: ::1 - - [25/Jan/2024:13:26:03 +0000] "GET /api/v1/65b261411d29ce43a0ac8077 HTTP/1.1" 404 47 "-" "PostmanRuntime/7.36.1"

info: ::1 - - [25/Jan/2024:13:26:11 +0000] "GET /api/v1/65b261411d29ce43a0ac8077 HTTP/1.1" 404 47 "-" "PostmanRuntime/7.36.1"

info: ::1 - - [25/Jan/2024:13:26:31 +0000] "POST /api/v1/newuser1 HTTP/1.1" 500 61 "-" "PostmanRuntime/7.36.1"

info: ::1 - - [25/Jan/2024:13:26:37 +0000] "POST /api/v1/newuser1 HTTP/1.1" 201 264 "-" "PostmanRuntime/7.36.1"

info: ::1 - - [25/Jan/2024:13:26:52 +0000] "GET /api/v1/newuser1/65b2618d1d29ce43a0ac8079 HTTP/1.1" 200 264 "-" "PostmanRuntime/7.36.1"

info: ::1 - - [29/Jan/2024:05:33:25 +0000] "POST /api/v1/user/login HTTP/1.1" 404 47 "-" "PostmanRuntime/7.36.1"

info: ::1 - - [29/Jan/2024:05:34:05 +0000] "POST /api/v1/login HTTP/1.1" 404 47 "-" "PostmanRuntime/7.36.1"

info: ::1 - - [29/Jan/2024:05:34:21 +0000] "POST /api/v1/login HTTP/1.1" 404 47 "-" "PostmanRuntime/7.36.1"

info: ::1 - - [29/Jan/2024:05:35:08 +0000] "POST /api/v1/login HTTP/1.1" 404 47 "-" "PostmanRuntime/7.36.1"

